INFO:     Will watch for changes in these directories: ['C:\\Users\\Adity\\OneDrive\\Desktop\\Projects\\news-dashboard\\backend']
INFO:     Uvicorn running on http://0.0.0.0:8002 (Press CTRL+C to quit)
INFO:     Started reloader process [24204] using StatReload
INFO:     Started server process [8020]
INFO:     Waiting for application startup.
2026-05-14 21:18:00,933 [INFO] main: Initializing database...
2026-05-14 21:18:00,935 [INFO] main: Database initialized.
2026-05-14 21:18:00,935 [INFO] scheduler: === Pipeline start ===
2026-05-14 21:18:00,936 [INFO] scheduler: Fetching articles...
2026-05-14 21:18:00,936 [INFO] services.fetch_news: Fetching RSS feed: NYTimes World
2026-05-14 21:18:00,937 [INFO] apscheduler.scheduler: Adding job tentatively -- it will be properly scheduled when the scheduler starts
2026-05-14 21:18:00,937 [INFO] apscheduler.scheduler: Added job "run_pipeline" to job store "default"
2026-05-14 21:18:00,937 [INFO] apscheduler.scheduler: Scheduler started
2026-05-14 21:18:00,958 [INFO] scheduler: Scheduler started — pipeline runs every 6 hours
INFO:     Application startup complete.
2026-05-14 21:18:01,149 [INFO] services.fetch_news: Fetching RSS feed: NYTimes Home
INFO:     127.0.0.1:64627 - "GET / HTTP/1.1" 200 OK
2026-05-14 21:18:03,489 [INFO] services.fetch_news: Fetching RSS feed: BBC World
2026-05-14 21:18:03,875 [INFO] services.fetch_news: Fetching RSS feed: BBC General
2026-05-14 21:18:05,416 [INFO] services.fetch_news: Fetching RSS feed: Reuters Top News
2026-05-14 21:18:05,452 [INFO] services.fetch_news: Fetching RSS feed: Reuters Business
2026-05-14 21:18:05,477 [INFO] services.fetch_news: Fetching RSS feed: Al Jazeera
2026-05-14 21:18:05,638 [INFO] services.fetch_news: Fetching RSS feed: The Guardian World
2026-05-14 21:18:05,882 [INFO] services.fetch_news: Fetching RSS feed: The Guardian Tech
2026-05-14 21:18:06,299 [INFO] services.fetch_news: Fetching RSS feed: Financial Times
2026-05-14 21:18:07,768 [INFO] services.fetch_news: Fetching RSS feed: Wall Street Journal World
2026-05-14 21:18:08,293 [INFO] services.fetch_news: Fetching RSS feed: CNBC Top News
2026-05-14 21:18:08,692 [INFO] services.fetch_news: Fetching RSS feed: MarketWatch
2026-05-14 21:18:10,355 [INFO] services.fetch_news: Fetching RSS feed: Yahoo Finance
2026-05-14 21:18:11,164 [INFO] services.fetch_news: Fetching RSS feed: Investing.com
2026-05-14 21:18:12,279 [INFO] services.fetch_news: Fetching RSS feed: Seeking Alpha
2026-05-14 21:18:12,785 [INFO] services.fetch_news: Fetching RSS feed: TechCrunch
2026-05-14 21:18:12,924 [INFO] services.fetch_news: Fetching RSS feed: The Verge
2026-05-14 21:18:13,132 [INFO] services.fetch_news: Fetching RSS feed: Ars Technica
2026-05-14 21:18:13,390 [INFO] services.fetch_news: Fetching RSS feed: Wired
2026-05-14 21:18:13,720 [INFO] services.fetch_news: Fetching RSS feed: VentureBeat
2026-05-14 21:18:14,306 [INFO] services.fetch_news: Fetching RSS feed: Artificial Intelligence News
2026-05-14 21:18:18,327 [INFO] services.fetch_news: Fetching RSS feed: Foreign Policy
2026-05-14 21:18:18,525 [INFO] services.fetch_news: Fetching RSS feed: Economist International
2026-05-14 21:18:18,702 [INFO] services.fetch_news: Fetching RSS feed: DW (Germany)
2026-05-14 21:18:20,547 [INFO] services.fetch_news: Fetching RSS feed: SCMP (China)
2026-05-14 21:18:21,215 [INFO] services.fetch_news: Fetching RSS feed: Japan Times
2026-05-14 21:18:22,914 [INFO] services.fetch_news: Fetching RSS feed: Times of India
2026-05-14 21:18:23,168 [INFO] services.fetch_news: Fetching RSS feed: The Hindu
2026-05-14 21:18:23,575 [INFO] services.fetch_news: Fetching RSS feed: Indian Express
INFO:     127.0.0.1:64666 - "GET / HTTP/1.1" 200 OK
2026-05-14 21:18:25,231 [INFO] services.fetch_news: Fetching RSS feed: LiveMint
2026-05-14 21:18:25,419 [INFO] services.fetch_news: Fetching RSS feed: Economic Times
2026-05-14 21:18:25,977 [INFO] services.fetch_news: Fetching RSS feed: Business Standard
2026-05-14 21:18:26,205 [INFO] services.fetch_news: Fetching RSS feed: Moneycontrol
2026-05-14 21:18:26,388 [INFO] services.fetch_news: Fetching RSS feed: OilPrice
2026-05-14 21:18:29,329 [INFO] services.fetch_news: Fetching RSS feed: Energy Voice
2026-05-14 21:18:29,456 [INFO] services.fetch_news: Fetching RSS feed: NYTimes
2026-05-14 21:18:31,659 [INFO] services.fetch_news: Fetching RSS feed: BBC
2026-05-14 21:18:32,026 [INFO] services.fetch_news: Fetching RSS feed: Reuters
2026-05-14 21:18:32,080 [INFO] services.fetch_news: Fetching RSS feed: Al Jazeera
2026-05-14 21:18:32,234 [INFO] services.fetch_news: Fetching RSS feed: The Guardian
2026-05-14 21:18:32,474 [INFO] services.fetch_news: Fetched 1068 total articles across all sources.
2026-05-14 21:18:32,474 [INFO] scheduler: Fetched 1068 articles
2026-05-14 21:18:32,487 [INFO] scheduler: Cleaned 1068 articles
2026-05-14 21:18:32,882 [INFO] scheduler: Inserted 33 new articles
2026-05-14 21:18:32,920 [INFO] scheduler: Got 1898 recent articles for clustering
2026-05-14 21:18:32,922 [INFO] sentence_transformers.base.model: No device provided, using cpu
2026-05-14 21:18:33,528 [INFO] httpx: HTTP Request: HEAD https://huggingface.co/sentence-transformers/all-MiniLM-L6-v2/resolve/main/modules.json "HTTP/1.1 307 Temporary Redirect"
Warning: You are sending unauthenticated requests to the HF Hub. Please set a HF_TOKEN to enable higher rate limits and faster downloads.
2026-05-14 21:18:33,529 [WARNING] huggingface_hub.utils._http: Warning: You are sending unauthenticated requests to the HF Hub. Please set a HF_TOKEN to enable higher rate limits and faster downloads.
2026-05-14 21:18:33,562 [INFO] httpx: HTTP Request: HEAD https://huggingface.co/api/resolve-cache/models/sentence-transformers/all-MiniLM-L6-v2/c9745ed1d9f207416be6d2e6f8de32d1f16199bf/modules.json "HTTP/1.1 200 OK"
2026-05-14 21:18:33,816 [INFO] httpx: HTTP Request: HEAD https://huggingface.co/sentence-transformers/all-MiniLM-L6-v2/resolve/main/config_sentence_transformers.json "HTTP/1.1 307 Temporary Redirect"
2026-05-14 21:18:33,844 [INFO] httpx: HTTP Request: HEAD https://huggingface.co/api/resolve-cache/models/sentence-transformers/all-MiniLM-L6-v2/c9745ed1d9f207416be6d2e6f8de32d1f16199bf/config_sentence_transformers.json "HTTP/1.1 200 OK"
2026-05-14 21:18:33,848 [INFO] sentence_transformers.base.model: Loading SentenceTransformer model from sentence-transformers/all-MiniLM-L6-v2.
2026-05-14 21:18:34,090 [INFO] httpx: HTTP Request: HEAD https://huggingface.co/sentence-transformers/all-MiniLM-L6-v2/resolve/main/config_sentence_transformers.json "HTTP/1.1 307 Temporary Redirect"
2026-05-14 21:18:34,118 [INFO] httpx: HTTP Request: HEAD https://huggingface.co/api/resolve-cache/models/sentence-transformers/all-MiniLM-L6-v2/c9745ed1d9f207416be6d2e6f8de32d1f16199bf/config_sentence_transformers.json "HTTP/1.1 200 OK"
2026-05-14 21:18:34,383 [INFO] httpx: HTTP Request: HEAD https://huggingface.co/sentence-transformers/all-MiniLM-L6-v2/resolve/main/README.md "HTTP/1.1 307 Temporary Redirect"
2026-05-14 21:18:34,411 [INFO] httpx: HTTP Request: HEAD https://huggingface.co/api/resolve-cache/models/sentence-transformers/all-MiniLM-L6-v2/c9745ed1d9f207416be6d2e6f8de32d1f16199bf/README.md "HTTP/1.1 200 OK"
2026-05-14 21:18:34,664 [INFO] httpx: HTTP Request: HEAD https://huggingface.co/sentence-transformers/all-MiniLM-L6-v2/resolve/main/modules.json "HTTP/1.1 307 Temporary Redirect"
2026-05-14 21:18:34,691 [INFO] httpx: HTTP Request: HEAD https://huggingface.co/api/resolve-cache/models/sentence-transformers/all-MiniLM-L6-v2/c9745ed1d9f207416be6d2e6f8de32d1f16199bf/modules.json "HTTP/1.1 200 OK"
2026-05-14 21:18:34,944 [INFO] httpx: HTTP Request: HEAD https://huggingface.co/sentence-transformers/all-MiniLM-L6-v2/resolve/main/sentence_bert_config.json "HTTP/1.1 307 Temporary Redirect"
2026-05-14 21:18:34,971 [INFO] httpx: HTTP Request: HEAD https://huggingface.co/api/resolve-cache/models/sentence-transformers/all-MiniLM-L6-v2/c9745ed1d9f207416be6d2e6f8de32d1f16199bf/sentence_bert_config.json "HTTP/1.1 200 OK"
2026-05-14 21:18:35,435 [INFO] httpx: HTTP Request: HEAD https://huggingface.co/sentence-transformers/all-MiniLM-L6-v2/resolve/main/adapter_config.json "HTTP/1.1 404 Not Found"
2026-05-14 21:18:35,675 [INFO] httpx: HTTP Request: HEAD https://huggingface.co/sentence-transformers/all-MiniLM-L6-v2/resolve/main/config.json "HTTP/1.1 307 Temporary Redirect"
2026-05-14 21:18:35,703 [INFO] httpx: HTTP Request: HEAD https://huggingface.co/api/resolve-cache/models/sentence-transformers/all-MiniLM-L6-v2/c9745ed1d9f207416be6d2e6f8de32d1f16199bf/config.json "HTTP/1.1 200 OK"
Loading weights:   0%|          | 0/103 [00:00<?, ?it/s]Loading weights: 100%|##########| 103/103 [00:00<00:00, 10690.49it/s]
2026-05-14 21:18:36,088 [INFO] httpx: HTTP Request: HEAD https://huggingface.co/sentence-transformers/all-MiniLM-L6-v2/resolve/main/processor_config.json "HTTP/1.1 404 Not Found"
2026-05-14 21:18:36,346 [INFO] httpx: HTTP Request: HEAD https://huggingface.co/sentence-transformers/all-MiniLM-L6-v2/resolve/main/preprocessor_config.json "HTTP/1.1 404 Not Found"
2026-05-14 21:18:36,597 [INFO] httpx: HTTP Request: HEAD https://huggingface.co/sentence-transformers/all-MiniLM-L6-v2/resolve/main/video_preprocessor_config.json "HTTP/1.1 404 Not Found"
2026-05-14 21:18:36,864 [INFO] httpx: HTTP Request: HEAD https://huggingface.co/sentence-transformers/all-MiniLM-L6-v2/resolve/main/preprocessor_config.json "HTTP/1.1 404 Not Found"
2026-05-14 21:18:37,134 [INFO] httpx: HTTP Request: HEAD https://huggingface.co/sentence-transformers/all-MiniLM-L6-v2/resolve/main/tokenizer_config.json "HTTP/1.1 307 Temporary Redirect"
2026-05-14 21:18:37,160 [INFO] httpx: HTTP Request: HEAD https://huggingface.co/api/resolve-cache/models/sentence-transformers/all-MiniLM-L6-v2/c9745ed1d9f207416be6d2e6f8de32d1f16199bf/tokenizer_config.json "HTTP/1.1 200 OK"
2026-05-14 21:18:37,414 [INFO] httpx: HTTP Request: HEAD https://huggingface.co/sentence-transformers/all-MiniLM-L6-v2/resolve/main/config.json "HTTP/1.1 307 Temporary Redirect"
2026-05-14 21:18:37,443 [INFO] httpx: HTTP Request: HEAD https://huggingface.co/api/resolve-cache/models/sentence-transformers/all-MiniLM-L6-v2/c9745ed1d9f207416be6d2e6f8de32d1f16199bf/config.json "HTTP/1.1 200 OK"
2026-05-14 21:18:37,684 [INFO] httpx: HTTP Request: HEAD https://huggingface.co/sentence-transformers/all-MiniLM-L6-v2/resolve/main/config.json "HTTP/1.1 307 Temporary Redirect"
2026-05-14 21:18:37,710 [INFO] httpx: HTTP Request: HEAD https://huggingface.co/api/resolve-cache/models/sentence-transformers/all-MiniLM-L6-v2/c9745ed1d9f207416be6d2e6f8de32d1f16199bf/config.json "HTTP/1.1 200 OK"
2026-05-14 21:18:37,993 [INFO] httpx: HTTP Request: HEAD https://huggingface.co/sentence-transformers/all-MiniLM-L6-v2/resolve/main/tokenizer_config.json "HTTP/1.1 307 Temporary Redirect"
2026-05-14 21:18:38,020 [INFO] httpx: HTTP Request: HEAD https://huggingface.co/api/resolve-cache/models/sentence-transformers/all-MiniLM-L6-v2/c9745ed1d9f207416be6d2e6f8de32d1f16199bf/tokenizer_config.json "HTTP/1.1 200 OK"
2026-05-14 21:18:38,288 [INFO] httpx: HTTP Request: GET https://huggingface.co/api/models/sentence-transformers/all-MiniLM-L6-v2/tree/main/additional_chat_templates?recursive=false&expand=false "HTTP/1.1 404 Not Found"
2026-05-14 21:18:38,529 [INFO] httpx: HTTP Request: GET https://huggingface.co/api/models/sentence-transformers/all-MiniLM-L6-v2/tree/main?recursive=true&expand=false "HTTP/1.1 200 OK"
2026-05-14 21:18:38,822 [INFO] httpx: HTTP Request: HEAD https://huggingface.co/sentence-transformers/all-MiniLM-L6-v2/resolve/main/1_Pooling/config.json "HTTP/1.1 307 Temporary Redirect"
2026-05-14 21:18:38,850 [INFO] httpx: HTTP Request: HEAD https://huggingface.co/api/resolve-cache/models/sentence-transformers/all-MiniLM-L6-v2/c9745ed1d9f207416be6d2e6f8de32d1f16199bf/1_Pooling%2Fconfig.json "HTTP/1.1 200 OK"
2026-05-14 21:18:39,129 [INFO] httpx: HTTP Request: GET https://huggingface.co/api/models/sentence-transformers/all-MiniLM-L6-v2 "HTTP/1.1 200 OK"
2026-05-14 21:18:47,828 [INFO] services.cluster_news: HDBSCAN created 1126 clusters (noise: 1071 articles out of 1897)
2026-05-14 21:18:47,831 [INFO] scheduler: Created 1126 clusters
2026-05-14 21:18:47,832 [INFO] scheduler: Cluster sizes: min=1 max=156 avg=1.7
2026-05-14 21:18:47,943 [INFO] scheduler: Ranked 20 stories
2026-05-14 21:18:47,945 [INFO] sentence_transformers.base.model: No device provided, using cpu
2026-05-14 21:18:48,300 [INFO] httpx: HTTP Request: HEAD https://huggingface.co/sentence-transformers/all-MiniLM-L6-v2/resolve/main/modules.json "HTTP/1.1 307 Temporary Redirect"
2026-05-14 21:18:48,329 [INFO] httpx: HTTP Request: HEAD https://huggingface.co/api/resolve-cache/models/sentence-transformers/all-MiniLM-L6-v2/c9745ed1d9f207416be6d2e6f8de32d1f16199bf/modules.json "HTTP/1.1 200 OK"
2026-05-14 21:18:48,594 [INFO] httpx: HTTP Request: HEAD https://huggingface.co/sentence-transformers/all-MiniLM-L6-v2/resolve/main/config_sentence_transformers.json "HTTP/1.1 307 Temporary Redirect"
2026-05-14 21:18:48,622 [INFO] httpx: HTTP Request: HEAD https://huggingface.co/api/resolve-cache/models/sentence-transformers/all-MiniLM-L6-v2/c9745ed1d9f207416be6d2e6f8de32d1f16199bf/config_sentence_transformers.json "HTTP/1.1 200 OK"
2026-05-14 21:18:48,624 [INFO] sentence_transformers.base.model: Loading SentenceTransformer model from sentence-transformers/all-MiniLM-L6-v2.
2026-05-14 21:18:48,866 [INFO] httpx: HTTP Request: HEAD https://huggingface.co/sentence-transformers/all-MiniLM-L6-v2/resolve/main/config_sentence_transformers.json "HTTP/1.1 307 Temporary Redirect"
2026-05-14 21:18:48,896 [INFO] httpx: HTTP Request: HEAD https://huggingface.co/api/resolve-cache/models/sentence-transformers/all-MiniLM-L6-v2/c9745ed1d9f207416be6d2e6f8de32d1f16199bf/config_sentence_transformers.json "HTTP/1.1 200 OK"
2026-05-14 21:18:49,141 [INFO] httpx: HTTP Request: HEAD https://huggingface.co/sentence-transformers/all-MiniLM-L6-v2/resolve/main/README.md "HTTP/1.1 307 Temporary Redirect"
2026-05-14 21:18:49,171 [INFO] httpx: HTTP Request: HEAD https://huggingface.co/api/resolve-cache/models/sentence-transformers/all-MiniLM-L6-v2/c9745ed1d9f207416be6d2e6f8de32d1f16199bf/README.md "HTTP/1.1 200 OK"
2026-05-14 21:18:49,426 [INFO] httpx: HTTP Request: HEAD https://huggingface.co/sentence-transformers/all-MiniLM-L6-v2/resolve/main/modules.json "HTTP/1.1 307 Temporary Redirect"
2026-05-14 21:18:49,455 [INFO] httpx: HTTP Request: HEAD https://huggingface.co/api/resolve-cache/models/sentence-transformers/all-MiniLM-L6-v2/c9745ed1d9f207416be6d2e6f8de32d1f16199bf/modules.json "HTTP/1.1 200 OK"
2026-05-14 21:18:49,719 [INFO] httpx: HTTP Request: HEAD https://huggingface.co/sentence-transformers/all-MiniLM-L6-v2/resolve/main/sentence_bert_config.json "HTTP/1.1 307 Temporary Redirect"
2026-05-14 21:18:49,747 [INFO] httpx: HTTP Request: HEAD https://huggingface.co/api/resolve-cache/models/sentence-transformers/all-MiniLM-L6-v2/c9745ed1d9f207416be6d2e6f8de32d1f16199bf/sentence_bert_config.json "HTTP/1.1 200 OK"
2026-05-14 21:18:49,995 [INFO] httpx: HTTP Request: HEAD https://huggingface.co/sentence-transformers/all-MiniLM-L6-v2/resolve/main/adapter_config.json "HTTP/1.1 404 Not Found"
2026-05-14 21:18:50,269 [INFO] httpx: HTTP Request: HEAD https://huggingface.co/sentence-transformers/all-MiniLM-L6-v2/resolve/main/config.json "HTTP/1.1 307 Temporary Redirect"
2026-05-14 21:18:50,297 [INFO] httpx: HTTP Request: HEAD https://huggingface.co/api/resolve-cache/models/sentence-transformers/all-MiniLM-L6-v2/c9745ed1d9f207416be6d2e6f8de32d1f16199bf/config.json "HTTP/1.1 200 OK"
Loading weights:   0%|          | 0/103 [00:00<?, ?it/s]Loading weights: 100%|##########| 103/103 [00:00<00:00, 9167.78it/s]
2026-05-14 21:18:50,597 [INFO] httpx: HTTP Request: HEAD https://huggingface.co/sentence-transformers/all-MiniLM-L6-v2/resolve/main/processor_config.json "HTTP/1.1 404 Not Found"
2026-05-14 21:18:50,851 [INFO] httpx: HTTP Request: HEAD https://huggingface.co/sentence-transformers/all-MiniLM-L6-v2/resolve/main/preprocessor_config.json "HTTP/1.1 404 Not Found"
2026-05-14 21:18:51,114 [INFO] httpx: HTTP Request: HEAD https://huggingface.co/sentence-transformers/all-MiniLM-L6-v2/resolve/main/video_preprocessor_config.json "HTTP/1.1 404 Not Found"
2026-05-14 21:18:51,366 [INFO] httpx: HTTP Request: HEAD https://huggingface.co/sentence-transformers/all-MiniLM-L6-v2/resolve/main/preprocessor_config.json "HTTP/1.1 404 Not Found"
2026-05-14 21:18:51,616 [INFO] httpx: HTTP Request: HEAD https://huggingface.co/sentence-transformers/all-MiniLM-L6-v2/resolve/main/tokenizer_config.json "HTTP/1.1 307 Temporary Redirect"
2026-05-14 21:18:51,647 [INFO] httpx: HTTP Request: HEAD https://huggingface.co/api/resolve-cache/models/sentence-transformers/all-MiniLM-L6-v2/c9745ed1d9f207416be6d2e6f8de32d1f16199bf/tokenizer_config.json "HTTP/1.1 200 OK"
2026-05-14 21:18:51,896 [INFO] httpx: HTTP Request: HEAD https://huggingface.co/sentence-transformers/all-MiniLM-L6-v2/resolve/main/config.json "HTTP/1.1 307 Temporary Redirect"
2026-05-14 21:18:51,924 [INFO] httpx: HTTP Request: HEAD https://huggingface.co/api/resolve-cache/models/sentence-transformers/all-MiniLM-L6-v2/c9745ed1d9f207416be6d2e6f8de32d1f16199bf/config.json "HTTP/1.1 200 OK"
2026-05-14 21:18:52,190 [INFO] httpx: HTTP Request: HEAD https://huggingface.co/sentence-transformers/all-MiniLM-L6-v2/resolve/main/config.json "HTTP/1.1 307 Temporary Redirect"
2026-05-14 21:18:52,216 [INFO] httpx: HTTP Request: HEAD https://huggingface.co/api/resolve-cache/models/sentence-transformers/all-MiniLM-L6-v2/c9745ed1d9f207416be6d2e6f8de32d1f16199bf/config.json "HTTP/1.1 200 OK"
2026-05-14 21:18:52,482 [INFO] httpx: HTTP Request: HEAD https://huggingface.co/sentence-transformers/all-MiniLM-L6-v2/resolve/main/tokenizer_config.json "HTTP/1.1 307 Temporary Redirect"
2026-05-14 21:18:52,511 [INFO] httpx: HTTP Request: HEAD https://huggingface.co/api/resolve-cache/models/sentence-transformers/all-MiniLM-L6-v2/c9745ed1d9f207416be6d2e6f8de32d1f16199bf/tokenizer_config.json "HTTP/1.1 200 OK"
2026-05-14 21:18:52,774 [INFO] httpx: HTTP Request: GET https://huggingface.co/api/models/sentence-transformers/all-MiniLM-L6-v2/tree/main/additional_chat_templates?recursive=false&expand=false "HTTP/1.1 404 Not Found"
2026-05-14 21:18:53,039 [INFO] httpx: HTTP Request: GET https://huggingface.co/api/models/sentence-transformers/all-MiniLM-L6-v2/tree/main?recursive=true&expand=false "HTTP/1.1 200 OK"
2026-05-14 21:18:53,351 [INFO] httpx: HTTP Request: HEAD https://huggingface.co/sentence-transformers/all-MiniLM-L6-v2/resolve/main/1_Pooling/config.json "HTTP/1.1 307 Temporary Redirect"
2026-05-14 21:18:53,382 [INFO] httpx: HTTP Request: HEAD https://huggingface.co/api/resolve-cache/models/sentence-transformers/all-MiniLM-L6-v2/c9745ed1d9f207416be6d2e6f8de32d1f16199bf/1_Pooling%2Fconfig.json "HTTP/1.1 200 OK"
2026-05-14 21:18:53,646 [INFO] httpx: HTTP Request: GET https://huggingface.co/api/models/sentence-transformers/all-MiniLM-L6-v2 "HTTP/1.1 200 OK"
Batches:   0%|          | 0/1 [00:00<?, ?it/s]Batches: 100%|##########| 1/1 [00:00<00:00, 15.53it/s]
2026-05-14 21:18:54,475 [INFO] sentence_transformers.base.model: No device provided, using cpu
2026-05-14 21:18:54,726 [INFO] httpx: HTTP Request: HEAD https://huggingface.co/sentence-transformers/all-MiniLM-L6-v2/resolve/main/modules.json "HTTP/1.1 307 Temporary Redirect"
2026-05-14 21:18:54,758 [INFO] httpx: HTTP Request: HEAD https://huggingface.co/api/resolve-cache/models/sentence-transformers/all-MiniLM-L6-v2/c9745ed1d9f207416be6d2e6f8de32d1f16199bf/modules.json "HTTP/1.1 200 OK"
2026-05-14 21:18:55,021 [INFO] httpx: HTTP Request: HEAD https://huggingface.co/sentence-transformers/all-MiniLM-L6-v2/resolve/main/config_sentence_transformers.json "HTTP/1.1 307 Temporary Redirect"
2026-05-14 21:18:55,050 [INFO] httpx: HTTP Request: HEAD https://huggingface.co/api/resolve-cache/models/sentence-transformers/all-MiniLM-L6-v2/c9745ed1d9f207416be6d2e6f8de32d1f16199bf/config_sentence_transformers.json "HTTP/1.1 200 OK"
2026-05-14 21:18:55,051 [INFO] sentence_transformers.base.model: Loading SentenceTransformer model from sentence-transformers/all-MiniLM-L6-v2.
2026-05-14 21:18:55,314 [INFO] httpx: HTTP Request: HEAD https://huggingface.co/sentence-transformers/all-MiniLM-L6-v2/resolve/main/config_sentence_transformers.json "HTTP/1.1 307 Temporary Redirect"
2026-05-14 21:18:55,343 [INFO] httpx: HTTP Request: HEAD https://huggingface.co/api/resolve-cache/models/sentence-transformers/all-MiniLM-L6-v2/c9745ed1d9f207416be6d2e6f8de32d1f16199bf/config_sentence_transformers.json "HTTP/1.1 200 OK"
2026-05-14 21:18:55,609 [INFO] httpx: HTTP Request: HEAD https://huggingface.co/sentence-transformers/all-MiniLM-L6-v2/resolve/main/README.md "HTTP/1.1 307 Temporary Redirect"
2026-05-14 21:18:55,644 [INFO] httpx: HTTP Request: HEAD https://huggingface.co/api/resolve-cache/models/sentence-transformers/all-MiniLM-L6-v2/c9745ed1d9f207416be6d2e6f8de32d1f16199bf/README.md "HTTP/1.1 200 OK"
2026-05-14 21:18:55,721 [ERROR] main: PDF generation failed: Character "—" at index 60 in text is outside the range of characters supported by the font used: "helveticaB". Please consider using a Unicode font.
Traceback (most recent call last):
  File "C:\Users\Adity\AppData\Local\Programs\Python\Python314\Lib\site-packages\fpdf\fpdf.py", line 5681, in normalize_text
    return text.encode(self.core_fonts_encoding).decode("latin-1")
           ~~~~~~~~~~~^^^^^^^^^^^^^^^^^^^^^^^^^^
UnicodeEncodeError: 'latin-1' codec can't encode character '\u2014' in position 60: ordinal not in range(256)

The above exception was the direct cause of the following exception:

Traceback (most recent call last):
  File "C:\Users\Adity\OneDrive\Desktop\Projects\news-dashboard\backend\main.py", line 227, in export_pdf
    pdf_bytes = generate_pdf_briefing()
  File "C:\Users\Adity\OneDrive\Desktop\Projects\news-dashboard\backend\services\pdf_briefing.py", line 156, in generate_pdf_briefing
    pdf.summary_card(top["title"], top["article_count"], sects)
    ~~~~~~~~~~~~~~~~^^^^^^^^^^^^^^^^^^^^^^^^^^^^^^^^^^^^^^^^^^^
  File "C:\Users\Adity\OneDrive\Desktop\Projects\news-dashboard\backend\services\pdf_briefing.py", line 96, in summary_card
    self.cell(0, 5, title[:85], new_x="LMARGIN", new_y="NEXT")
    ~~~~~~~~~^^^^^^^^^^^^^^^^^^^^^^^^^^^^^^^^^^^^^^^^^^^^^^^^^
  File "C:\Users\Adity\AppData\Local\Programs\Python\Python314\Lib\site-packages\fpdf\fpdf.py", line 281, in wrapper
    return fn(*args, **kwargs)
  File "C:\Users\Adity\AppData\Local\Programs\Python\Python314\Lib\site-packages\fpdf\deprecation.py", line 36, in wrapper
    return fn(*args, **kwargs)
  File "C:\Users\Adity\AppData\Local\Programs\Python\Python314\Lib\site-packages\fpdf\fpdf.py", line 3910, in cell
    text = self.normalize_text(text)
  File "C:\Users\Adity\AppData\Local\Programs\Python\Python314\Lib\site-packages\fpdf\fpdf.py", line 5683, in normalize_text
    raise FPDFUnicodeEncodingException(
    ...<3 lines>...
    ) from error
fpdf.errors.FPDFUnicodeEncodingException: Character "—" at index 60 in text is outside the range of characters supported by the font used: "helveticaB". Please consider using a Unicode font.
INFO:     127.0.0.1:57863 - "GET /export/pdf HTTP/1.1" 500 Internal Server Error
2026-05-14 21:18:55,897 [INFO] httpx: HTTP Request: HEAD https://huggingface.co/sentence-transformers/all-MiniLM-L6-v2/resolve/main/modules.json "HTTP/1.1 307 Temporary Redirect"
2026-05-14 21:18:55,928 [INFO] httpx: HTTP Request: HEAD https://huggingface.co/api/resolve-cache/models/sentence-transformers/all-MiniLM-L6-v2/c9745ed1d9f207416be6d2e6f8de32d1f16199bf/modules.json "HTTP/1.1 200 OK"
2026-05-14 21:18:56,241 [INFO] httpx: HTTP Request: HEAD https://huggingface.co/sentence-transformers/all-MiniLM-L6-v2/resolve/main/sentence_bert_config.json "HTTP/1.1 307 Temporary Redirect"
2026-05-14 21:18:56,271 [INFO] httpx: HTTP Request: HEAD https://huggingface.co/api/resolve-cache/models/sentence-transformers/all-MiniLM-L6-v2/c9745ed1d9f207416be6d2e6f8de32d1f16199bf/sentence_bert_config.json "HTTP/1.1 200 OK"
2026-05-14 21:18:56,509 [INFO] httpx: HTTP Request: HEAD https://huggingface.co/sentence-transformers/all-MiniLM-L6-v2/resolve/main/adapter_config.json "HTTP/1.1 404 Not Found"
2026-05-14 21:18:56,771 [INFO] httpx: HTTP Request: HEAD https://huggingface.co/sentence-transformers/all-MiniLM-L6-v2/resolve/main/config.json "HTTP/1.1 307 Temporary Redirect"
2026-05-14 21:18:56,799 [INFO] httpx: HTTP Request: HEAD https://huggingface.co/api/resolve-cache/models/sentence-transformers/all-MiniLM-L6-v2/c9745ed1d9f207416be6d2e6f8de32d1f16199bf/config.json "HTTP/1.1 200 OK"
Loading weights:   0%|          | 0/103 [00:00<?, ?it/s]Loading weights: 100%|##########| 103/103 [00:00<00:00, 9979.75it/s]
2026-05-14 21:18:57,092 [INFO] httpx: HTTP Request: HEAD https://huggingface.co/sentence-transformers/all-MiniLM-L6-v2/resolve/main/processor_config.json "HTTP/1.1 404 Not Found"
2026-05-14 21:18:57,336 [INFO] httpx: HTTP Request: HEAD https://huggingface.co/sentence-transformers/all-MiniLM-L6-v2/resolve/main/preprocessor_config.json "HTTP/1.1 404 Not Found"
2026-05-14 21:18:57,588 [INFO] httpx: HTTP Request: HEAD https://huggingface.co/sentence-transformers/all-MiniLM-L6-v2/resolve/main/video_preprocessor_config.json "HTTP/1.1 404 Not Found"
2026-05-14 21:18:57,846 [INFO] httpx: HTTP Request: HEAD https://huggingface.co/sentence-transformers/all-MiniLM-L6-v2/resolve/main/preprocessor_config.json "HTTP/1.1 404 Not Found"
2026-05-14 21:18:58,113 [INFO] httpx: HTTP Request: HEAD https://huggingface.co/sentence-transformers/all-MiniLM-L6-v2/resolve/main/tokenizer_config.json "HTTP/1.1 307 Temporary Redirect"
2026-05-14 21:18:58,141 [INFO] httpx: HTTP Request: HEAD https://huggingface.co/api/resolve-cache/models/sentence-transformers/all-MiniLM-L6-v2/c9745ed1d9f207416be6d2e6f8de32d1f16199bf/tokenizer_config.json "HTTP/1.1 200 OK"
2026-05-14 21:18:58,403 [INFO] httpx: HTTP Request: HEAD https://huggingface.co/sentence-transformers/all-MiniLM-L6-v2/resolve/main/config.json "HTTP/1.1 307 Temporary Redirect"
2026-05-14 21:18:58,431 [INFO] httpx: HTTP Request: HEAD https://huggingface.co/api/resolve-cache/models/sentence-transformers/all-MiniLM-L6-v2/c9745ed1d9f207416be6d2e6f8de32d1f16199bf/config.json "HTTP/1.1 200 OK"
2026-05-14 21:18:58,712 [INFO] httpx: HTTP Request: HEAD https://huggingface.co/sentence-transformers/all-MiniLM-L6-v2/resolve/main/config.json "HTTP/1.1 307 Temporary Redirect"
2026-05-14 21:18:58,740 [INFO] httpx: HTTP Request: HEAD https://huggingface.co/api/resolve-cache/models/sentence-transformers/all-MiniLM-L6-v2/c9745ed1d9f207416be6d2e6f8de32d1f16199bf/config.json "HTTP/1.1 200 OK"
2026-05-14 21:18:58,985 [INFO] httpx: HTTP Request: HEAD https://huggingface.co/sentence-transformers/all-MiniLM-L6-v2/resolve/main/tokenizer_config.json "HTTP/1.1 307 Temporary Redirect"
2026-05-14 21:18:59,013 [INFO] httpx: HTTP Request: HEAD https://huggingface.co/api/resolve-cache/models/sentence-transformers/all-MiniLM-L6-v2/c9745ed1d9f207416be6d2e6f8de32d1f16199bf/tokenizer_config.json "HTTP/1.1 200 OK"
2026-05-14 21:18:59,267 [INFO] httpx: HTTP Request: GET https://huggingface.co/api/models/sentence-transformers/all-MiniLM-L6-v2/tree/main/additional_chat_templates?recursive=false&expand=false "HTTP/1.1 404 Not Found"
2026-05-14 21:18:59,536 [INFO] httpx: HTTP Request: GET https://huggingface.co/api/models/sentence-transformers/all-MiniLM-L6-v2/tree/main?recursive=true&expand=false "HTTP/1.1 200 OK"
2026-05-14 21:18:59,849 [INFO] httpx: HTTP Request: HEAD https://huggingface.co/sentence-transformers/all-MiniLM-L6-v2/resolve/main/1_Pooling/config.json "HTTP/1.1 307 Temporary Redirect"
2026-05-14 21:18:59,876 [INFO] httpx: HTTP Request: HEAD https://huggingface.co/api/resolve-cache/models/sentence-transformers/all-MiniLM-L6-v2/c9745ed1d9f207416be6d2e6f8de32d1f16199bf/1_Pooling%2Fconfig.json "HTTP/1.1 200 OK"
2026-05-14 21:19:00,126 [INFO] httpx: HTTP Request: GET https://huggingface.co/api/models/sentence-transformers/all-MiniLM-L6-v2 "HTTP/1.1 200 OK"
2026-05-14 21:19:07,728 [INFO] scheduler: Saving 20 stories...
2026-05-14 21:19:07,735 [INFO] scheduler: Saved 20 stories
2026-05-14 21:19:35,560 [INFO] services.market_data: Fetched market data: 34 tickers
2026-05-14 21:19:35,560 [INFO] scheduler: Fetched 34 market data points
2026-05-14 21:19:35,618 [INFO] scheduler: Briefing generated
2026-05-14 21:19:35,618 [INFO] scheduler: === Pipeline complete in 94.7s ===
WARNING:  StatReload detected changes in 'services\pdf_briefing.py'. Reloading...
 forrtl: error (200): program aborting due to window-CLOSE event
Image              PC                Routine            Line        Source             
KERNELBASE.dll     00007FFE6770348D  Unknown               Unknown  Unknown
KERNEL32.DLL       00007FFE69F6E957  Unknown               Unknown  Unknown
ntdll.dll          00007FFE6A96427C  Unknown               Unknown  Unknown
